<?xml version="1.0" encoding="utf-8"?><testsuite errors="0" failures="0" name="pytest" skips="0" tests="3" time="0.138"><testcase classname="test_main" file="test_main.py" line="4" name="test_server_is_online" time="0.0009911060333251953"></testcase><testcase classname="test_main" file="test_main.py" line="14" name="test_server_is_offline" time="0.0018362998962402344"></testcase><testcase classname="test_main" file="test_main.py" line="24" name="test_positive_latitude" time="0.0009980201721191406"></testcase></testsuite>